#
# There is insufficient memory for the Java Runtime Environment to continue.
# Native memory allocation (malloc) failed to allocate 1757296 bytes for Chunk::new
# Possible reasons:
#   The system is out of physical RAM or swap space
#   In 32 bit mode, the process size limit was hit
# Possible solutions:
#   Reduce memory load on the system
#   Increase physical memory or swap space
#   Check if swap backing store is full
#   Use 64 bit Java on a 64 bit OS
#   Decrease Java heap size (-Xmx/-Xms)
#   Decrease number of Java threads
#   Decrease Java thread stack sizes (-Xss)
#   Set larger code cache with -XX:ReservedCodeCacheSize=
# This output file may be truncated or incomplete.
#
#  Out of Memory Error (allocation.cpp:390), pid=19652, tid=0x00000000000046e8
#
# JRE version: Java(TM) SE Runtime Environment (8.0_181-b13) (build 1.8.0_181-b13)
# Java VM: Java HotSpot(TM) 64-Bit Server VM (25.181-b13 mixed mode windows-amd64 compressed oops)
# Failed to write core dump. Minidumps are not enabled by default on client versions of Windows
#

---------------  T H R E A D  ---------------

Current thread (0x00000000178db800):  JavaThread "C2 CompilerThread0" daemon [_thread_in_native, id=18152, stack(0x00000000180a0000,0x00000000181a0000)]

Stack: [0x00000000180a0000,0x00000000181a0000]
[error occurred during error reporting (printing stack bounds), id 0xc0000005]

Native frames: (J=compiled Java code, j=interpreted, Vv=VM code, C=native code)


Current CompileTask:
C2: 132757 14933       4       com.android.tools.r8.ir.conversion.JarSourceCode::buildInstruction (259 bytes)


---------------  P R O C E S S  ---------------

Java Threads: ( => current thread )
  0x00000000229fb000 JavaThread "ForkJoinPool.commonPool-worker-1" daemon [_thread_in_vm_trans, id=10248, stack(0x00000000282f0000,0x00000000283f0000)]
  0x00000000229ff800 JavaThread "ForkJoinPool.commonPool-worker-0" daemon [_thread_blocked, id=16948, stack(0x00000000281f0000,0x00000000282f0000)]
  0x00000000229fd800 JavaThread "stdout" daemon [_thread_in_native, id=12112, stack(0x00000000280f0000,0x00000000281f0000)]
  0x0000000019df3000 JavaThread "stderr" daemon [_thread_in_native, id=8856, stack(0x0000000027ff0000,0x00000000280f0000)]
  0x0000000019df6000 JavaThread "stdout" daemon [_thread_in_native, id=8932, stack(0x0000000027ef0000,0x0000000027ff0000)]
  0x0000000019df5800 JavaThread "stderr" daemon [_thread_in_native, id=25912, stack(0x0000000027df0000,0x0000000027ef0000)]
  0x0000000019df4800 JavaThread "stdout" daemon [_thread_in_native, id=23736, stack(0x0000000027cf0000,0x0000000027df0000)]
  0x0000000019df4000 JavaThread "stderr" daemon [_thread_in_native, id=12424, stack(0x0000000027bf0000,0x0000000027cf0000)]
  0x0000000019df2800 JavaThread "stdout" daemon [_thread_in_native, id=23208, stack(0x0000000027af0000,0x0000000027bf0000)]
  0x0000000019df1800 JavaThread "stderr" daemon [_thread_in_native, id=15724, stack(0x00000000279f0000,0x0000000027af0000)]
  0x0000000019dea000 JavaThread "stdout" daemon [_thread_in_native, id=15268, stack(0x00000000278f0000,0x00000000279f0000)]
  0x0000000019df1000 JavaThread "stderr" daemon [_thread_in_native, id=9080, stack(0x00000000277f0000,0x00000000278f0000)]
  0x0000000019df0000 JavaThread "stdout" daemon [_thread_in_native, id=21776, stack(0x00000000276f0000,0x00000000277f0000)]
  0x0000000019dee800 JavaThread "stderr" daemon [_thread_in_native, id=488, stack(0x00000000275f0000,0x00000000276f0000)]
  0x0000000019def800 JavaThread "stdout" daemon [_thread_in_native, id=9504, stack(0x00000000274f0000,0x00000000275f0000)]
  0x0000000019ded000 JavaThread "stderr" daemon [_thread_in_native, id=25032, stack(0x00000000273f0000,0x00000000274f0000)]
  0x0000000019deb000 JavaThread "pool-2-thread-1" [_thread_blocked, id=8796, stack(0x00000000272f0000,0x00000000273f0000)]
  0x0000000019de7000 JavaThread "ForkJoinPool.commonPool-worker-6" daemon [_thread_blocked, id=17860, stack(0x00000000270f0000,0x00000000271f0000)]
  0x0000000019de9800 JavaThread "ForkJoinPool.commonPool-worker-5" daemon [_thread_in_vm, id=7684, stack(0x0000000026ff0000,0x00000000270f0000)]
  0x0000000019de8800 JavaThread "ForkJoinPool.commonPool-worker-4" daemon [_thread_blocked, id=19224, stack(0x0000000026ef0000,0x0000000026ff0000)]
  0x0000000019deb800 JavaThread "ForkJoinPool.commonPool-worker-3" daemon [_thread_blocked, id=21312, stack(0x0000000026df0000,0x0000000026ef0000)]
  0x0000000019dee000 JavaThread "ForkJoinPool.commonPool-worker-2" daemon [_thread_in_vm, id=13772, stack(0x0000000026af0000,0x0000000026bf0000)]
  0x0000000018be2800 JavaThread "Cache worker for Java compile cache (D:\Study\4th 1st Term\project\hanuman\platforms\android\.gradle\4.10.3\javaCompile)" [_thread_blocked, id=20980, stack(0x0000000025300000,0x0000000025400000)]
  0x0000000018be1000 JavaThread "Cache worker for Java compile cache (C:\Users\Chaweewan Sukwan\.gradle\caches\4.10.3\javaCompile)" [_thread_blocked, id=24972, stack(0x0000000025200000,0x0000000025300000)]
  0x0000000018bdf800 JavaThread "Cache worker for Build Output Cleanup Cache (D:\Study\4th 1st Term\project\hanuman\platforms\android\.gradle\buildOutputCleanup)" [_thread_blocked, id=11936, stack(0x0000000024f00000,0x0000000025000000)]
  0x0000000018be0000 JavaThread "Cache worker for task history cache (D:\Study\4th 1st Term\project\hanuman\platforms\android\.gradle\4.10.3\taskHistory)" [_thread_blocked, id=1872, stack(0x0000000024e00000,0x0000000024f00000)]
  0x0000000018bde800 JavaThread "Task worker for ':' Thread 7" [_thread_blocked, id=22540, stack(0x0000000024d00000,0x0000000024e00000)]
  0x0000000018be4800 JavaThread "Task worker for ':' Thread 6" [_thread_blocked, id=17824, stack(0x0000000024c00000,0x0000000024d00000)]
  0x0000000018be1800 JavaThread "Task worker for ':' Thread 5" [_thread_blocked, id=14480, stack(0x0000000024b00000,0x0000000024c00000)]
  0x0000000018be4000 JavaThread "Task worker for ':' Thread 4" [_thread_blocked, id=18424, stack(0x0000000024a00000,0x0000000024b00000)]
  0x0000000018bd7000 JavaThread "Task worker for ':' Thread 3" [_thread_blocked, id=2364, stack(0x0000000024900000,0x0000000024a00000)]
  0x0000000018bde000 JavaThread "Task worker for ':' Thread 2" [_thread_blocked, id=4896, stack(0x0000000024800000,0x0000000024900000)]
  0x0000000018bdd000 JavaThread "Task worker for ':'" [_thread_blocked, id=14760, stack(0x0000000024700000,0x0000000024800000)]
  0x0000000018bd5800 JavaThread "Cache worker for file content cache (D:\Study\4th 1st Term\project\hanuman\platforms\android\.gradle\4.10.3\fileContent)" [_thread_blocked, id=19376, stack(0x0000000024400000,0x0000000024500000)]
  0x0000000018bdc800 JavaThread "Cache worker for file content cache (C:\Users\Chaweewan Sukwan\.gradle\caches\4.10.3\fileContent)" [_thread_blocked, id=452, stack(0x0000000024300000,0x0000000024400000)]
  0x0000000018bd9800 JavaThread "Memory manager" [_thread_blocked, id=20556, stack(0x0000000024200000,0x0000000024300000)]
  0x0000000018bd8000 JavaThread "Build operations Thread 8" [_thread_blocked, id=25476, stack(0x0000000021030000,0x0000000021130000)]
  0x0000000018bdb800 JavaThread "Build operations Thread 7" [_thread_blocked, id=25512, stack(0x0000000020f30000,0x0000000021030000)]
  0x0000000018bdb000 JavaThread "Build operations Thread 6" [_thread_blocked, id=20336, stack(0x0000000020e30000,0x0000000020f30000)]
  0x0000000018bd6800 JavaThread "Build operations Thread 5" [_thread_blocked, id=10348, stack(0x0000000020d30000,0x0000000020e30000)]
  0x0000000018bd8800 JavaThread "Build operations Thread 4" [_thread_blocked, id=2240, stack(0x0000000020c30000,0x0000000020d30000)]
  0x0000000018bda000 JavaThread "Build operations Thread 3" [_thread_blocked, id=25892, stack(0x0000000020b30000,0x0000000020c30000)]
  0x0000000019a39800 JavaThread "Build operations Thread 2" [_thread_blocked, id=20104, stack(0x0000000020a30000,0x0000000020b30000)]
  0x0000000019a38800 JavaThread "Build operations" [_thread_blocked, id=26488, stack(0x0000000020930000,0x0000000020a30000)]
  0x0000000019a34000 JavaThread "Cache worker for Artifact transforms cache (C:\Users\Chaweewan Sukwan\.gradle\caches\transforms-1)" [_thread_blocked, id=16252, stack(0x00000000204f0000,0x00000000205f0000)]
  0x0000000019a37800 JavaThread "Cache worker for cache directory md-rule (C:\Users\Chaweewan Sukwan\.gradle\caches\4.10.3\md-rule)" [_thread_blocked, id=25136, stack(0x00000000203f0000,0x00000000204f0000)]
  0x0000000019a37000 JavaThread "Cache worker for cache directory md-supplier (C:\Users\Chaweewan Sukwan\.gradle\caches\4.10.3\md-supplier)" [_thread_blocked, id=13884, stack(0x000000001ef00000,0x000000001f000000)]
  0x0000000019a33000 JavaThread "Cache worker for journal cache (C:\Users\Chaweewan Sukwan\.gradle\caches\journal-1)" [_thread_blocked, id=19252, stack(0x000000001ea00000,0x000000001eb00000)]
  0x0000000019a35800 JavaThread "Cache worker for file hash cache (D:\Study\4th 1st Term\project\hanuman\platforms\android\.gradle\4.10.3\fileHashes)" [_thread_blocked, id=20620, stack(0x000000001d930000,0x000000001da30000)]
  0x0000000019a34800 JavaThread "File lock request listener" [_thread_in_native, id=15904, stack(0x000000001c1c0000,0x000000001c2c0000)]
  0x0000000019a3a000 JavaThread "Cache worker for file hash cache (C:\Users\Chaweewan Sukwan\.gradle\caches\4.10.3\fileHashes)" [_thread_blocked, id=12508, stack(0x000000001c0c0000,0x000000001c1c0000)]
  0x00000000199af000 JavaThread "Stdin handler" [_thread_blocked, id=22836, stack(0x000000001adf0000,0x000000001aef0000)]
  0x0000000019994800 JavaThread "Asynchronous log dispatcher for DefaultDaemonConnection: socket connection from /127.0.0.1:62299 to /127.0.0.1:62300" [_thread_blocked, id=23724, stack(0x000000001acf0000,0x000000001adf0000)]
  0x0000000019991000 JavaThread "Daemon worker" [_thread_blocked, id=3192, stack(0x000000001aaf0000,0x000000001abf0000)]
  0x0000000019990800 JavaThread "Cancel handler" [_thread_blocked, id=24512, stack(0x000000001a9f0000,0x000000001aaf0000)]
  0x000000001998d000 JavaThread "Handler for socket connection from /127.0.0.1:62299 to /127.0.0.1:62300" [_thread_in_native, id=25872, stack(0x000000001a8f0000,0x000000001a9f0000)]
  0x0000000019919000 JavaThread "Daemon" [_thread_blocked, id=20264, stack(0x000000001a7f0000,0x000000001a8f0000)]
  0x00000000198ef000 JavaThread "Daemon periodic checks" [_thread_blocked, id=24592, stack(0x000000001a6f0000,0x000000001a7f0000)]
  0x00000000198ee800 JavaThread "Incoming local TCP Connector on port 62299" [_thread_in_native, id=17428, stack(0x000000001a4b0000,0x000000001a5b0000)]
  0x000000001987e800 JavaThread "Daemon health stats" [_thread_blocked, id=21956, stack(0x0000000019e70000,0x0000000019f70000)]
  0x0000000017904000 JavaThread "Service Thread" daemon [_thread_blocked, id=9076, stack(0x00000000184a0000,0x00000000185a0000)]
  0x00000000178e7000 JavaThread "C1 CompilerThread3" daemon [_thread_in_vm, id=20332, stack(0x00000000183a0000,0x00000000184a0000)]
  0x00000000178e1800 JavaThread "C2 CompilerThread2" daemon [_thread_in_native, id=24932, stack(0x00000000182a0000,0x00000000183a0000)]
  0x00000000178e1000 JavaThread "C2 CompilerThread1" daemon [_thread_in_native, id=20744, stack(0x00000000181a0000,0x00000000182a0000)]
=>0x00000000178db800 JavaThread "C2 CompilerThread0" daemon [_thread_in_native, id=18152, stack(0x00000000180a0000,0x00000000181a0000)]
  0x00000000178d9000 JavaThread "Attach Listener" daemon [_thread_blocked, id=22388, stack(0x0000000017fa0000,0x00000000180a0000)]
  0x00000000178d8000 JavaThread "Signal Dispatcher" daemon [_thread_blocked, id=15732, stack(0x0000000017ea0000,0x0000000017fa0000)]
  0x00000000178d0800 JavaThread "Finalizer" daemon [_thread_blocked, id=11568, stack(0x0000000017cb0000,0x0000000017db0000)]
  0x0000000002e18000 JavaThread "Reference Handler" daemon [_thread_blocked, id=26544, stack(0x00000000177b0000,0x00000000178b0000)]
  0x0000000002d22800 JavaThread "main" [_thread_blocked, id=9936, stack(0x0000000002bb0000,0x0000000002cb0000)]

Other Threads:
  0x00000000159d9800 VMThread [stack: 0x00000000176b0000,0x00000000177b0000] [id=23916]
  0x0000000017905000 WatcherThread [stack: 0x00000000185a0000,0x00000000186a0000] [id=17836]

VM state:synchronizing (normal execution)

VM Mutex/Monitor currently owned by a thread:  ([mutex/lock_event])
[0x0000000002ebdd80] Safepoint_lock - owner thread: 0x00000000159d9800
[0x0000000002ebdc00] Threads_lock - owner thread: 0x00000000159d9800

Heap:
 PSYoungGen      total 125440K, used 42850K [0x00000000eab00000, 0x00000000f3600000, 0x0000000100000000)
  eden space 108032K, 31% used [0x00000000eab00000,0x00000000ecbfd978,0x00000000f1480000)
  from space 17408K, 52% used [0x00000000f2500000,0x00000000f2ddb0f8,0x00000000f3600000)
  to   space 16896K, 0% used [0x00000000f1480000,0x00000000f1480000,0x00000000f2500000)
 ParOldGen       total 140800K, used 97610K [0x00000000c0000000, 0x00000000c8980000, 0x00000000eab00000)
  object space 140800K, 69% used [0x00000000c0000000,0x00000000c5f52ad8,0x00000000c8980000)
 Metaspace       used 89934K, capacity 93158K, committed 93336K, reserved 1130496K
  class space    used 11800K, capacity 12445K, committed 12464K, reserved 1048576K

Card table byte_map: [0x0000000012280000,0x0000000012490000] byte_map_base: 0x0000000011c80000

Marking Bits: (ParMarkBitMap*) 0x00000000745f2d00
 Begin Bits: [0x0000000012df0000, 0x0000000013df0000)
 End Bits:   [0x0000000013df0000, 0x0000000014df0000)

Polling page: 0x0000000001260000

CodeCache: size=245760Kb used=45143Kb max_used=46435Kb free=200616Kb
 bounds [0x0000000002ec0000, 0x0000000005c50000, 0x0000000011ec0000]
 total_blobs=14373 nmethods=13470 adapters=812
 compilation: enabled

Compilation events (10 events):
Event: 132.640 Thread 0x00000000178e7000 nmethod 16224 0x0000000005c3a390 code [0x0000000005c3a560, 0x0000000005c3ab98]
Event: 132.640 Thread 0x00000000178e7000 16228       2       com.android.tools.r8.com.google.common.collect.ImmutableList::reverse (21 bytes)
Event: 132.641 Thread 0x00000000178e7000 nmethod 16228 0x0000000005c3af50 code [0x0000000005c3b0c0, 0x0000000005c3b2c8]
Event: 132.641 Thread 0x00000000178e7000 16161       2       com.android.tools.r8.ir.conversion.IRBuilder::createSplitEdgeBlock (48 bytes)
Event: 132.641 Thread 0x00000000178e7000 nmethod 16161 0x0000000005c3b390 code [0x0000000005c3b520, 0x0000000005c3b7c8]
Event: 132.641 Thread 0x00000000178e7000 16203       2       com.android.tools.r8.ir.analysis.constant.SparseConditionalConstantPropagation::<init> (79 bytes)
Event: 132.642 Thread 0x00000000178e7000 nmethod 16203 0x0000000005c3b950 code [0x0000000005c3bb20, 0x0000000005c3c328]
Event: 132.642 Thread 0x00000000178e7000 16220       2       com.android.tools.r8.ir.conversion.IRConverter::finalizeToDex (48 bytes)
Event: 132.643 Thread 0x00000000178e7000 nmethod 16220 0x0000000005c3ca10 code [0x0000000005c3cbc0, 0x0000000005c3cf68]
Event: 132.643 Thread 0x00000000178e7000 16242       2       com.android.tools.r8.ir.optimize.CodeRewriter::collapsTrivialGoto (243 bytes)

GC Heap History (10 events):
Event: 130.732 GC heap before
{Heap before GC invocations=53 (full 4):
 PSYoungGen      total 101376K, used 12411K [0x00000000eab00000, 0x00000000f2900000, 0x0000000100000000)
  eden space 84992K, 0% used [0x00000000eab00000,0x00000000eab00000,0x00000000efe00000)
  from space 16384K, 75% used [0x00000000efe00000,0x00000000f0a1ed28,0x00000000f0e00000)
  to   space 17408K, 0% used [0x00000000f1800000,0x00000000f1800000,0x00000000f2900000)
 ParOldGen       total 122368K, used 113694K [0x00000000c0000000, 0x00000000c7780000, 0x00000000eab00000)
  object space 122368K, 92% used [0x00000000c0000000,0x00000000c6f07848,0x00000000c7780000)
 Metaspace       used 82316K, capacity 84802K, committed 84888K, reserved 1122304K
  class space    used 10857K, capacity 11427K, committed 11440K, reserved 1048576K
Event: 130.819 GC heap after
Heap after GC invocations=53 (full 4):
 PSYoungGen      total 101376K, used 0K [0x00000000eab00000, 0x00000000f2900000, 0x0000000100000000)
  eden space 84992K, 0% used [0x00000000eab00000,0x00000000eab00000,0x00000000efe00000)
  from space 16384K, 0% used [0x00000000efe00000,0x00000000efe00000,0x00000000f0e00000)
  to   space 17408K, 0% used [0x00000000f1800000,0x00000000f1800000,0x00000000f2900000)
 ParOldGen       total 140800K, used 79622K [0x00000000c0000000, 0x00000000c8980000, 0x00000000eab00000)
  object space 140800K, 56% used [0x00000000c0000000,0x00000000c4dc1910,0x00000000c8980000)
 Metaspace       used 82045K, capacity 84220K, committed 84888K, reserved 1122304K
  class space    used 10769K, capacity 11282K, committed 11440K, reserved 1048576K
}
Event: 131.765 GC heap before
{Heap before GC invocations=54 (full 4):
 PSYoungGen      total 101376K, used 84992K [0x00000000eab00000, 0x00000000f2900000, 0x0000000100000000)
  eden space 84992K, 100% used [0x00000000eab00000,0x00000000efe00000,0x00000000efe00000)
  from space 16384K, 0% used [0x00000000efe00000,0x00000000efe00000,0x00000000f0e00000)
  to   space 17408K, 0% used [0x00000000f1800000,0x00000000f1800000,0x00000000f2900000)
 ParOldGen       total 140800K, used 79622K [0x00000000c0000000, 0x00000000c8980000, 0x00000000eab00000)
  object space 140800K, 56% used [0x00000000c0000000,0x00000000c4dc1910,0x00000000c8980000)
 Metaspace       used 87736K, capacity 90520K, committed 90776K, reserved 1128448K
  class space    used 11548K, capacity 12160K, committed 12208K, reserved 1048576K
Event: 131.780 GC heap after
Heap after GC invocations=54 (full 4):
 PSYoungGen      total 110592K, used 11156K [0x00000000eab00000, 0x00000000f2c80000, 0x0000000100000000)
  eden space 93184K, 0% used [0x00000000eab00000,0x00000000eab00000,0x00000000f0600000)
  from space 17408K, 64% used [0x00000000f1800000,0x00000000f22e5350,0x00000000f2900000)
  to   space 18432K, 0% used [0x00000000f0600000,0x00000000f0600000,0x00000000f1800000)
 ParOldGen       total 140800K, used 79630K [0x00000000c0000000, 0x00000000c8980000, 0x00000000eab00000)
  object space 140800K, 56% used [0x00000000c0000000,0x00000000c4dc3910,0x00000000c8980000)
 Metaspace       used 87736K, capacity 90520K, committed 90776K, reserved 1128448K
  class space    used 11548K, capacity 12160K, committed 12208K, reserved 1048576K
}
Event: 132.037 GC heap before
{Heap before GC invocations=55 (full 4):
 PSYoungGen      total 110592K, used 104340K [0x00000000eab00000, 0x00000000f2c80000, 0x0000000100000000)
  eden space 93184K, 100% used [0x00000000eab00000,0x00000000f0600000,0x00000000f0600000)
  from space 17408K, 64% used [0x00000000f1800000,0x00000000f22e5350,0x00000000f2900000)
  to   space 18432K, 0% used [0x00000000f0600000,0x00000000f0600000,0x00000000f1800000)
 ParOldGen       total 140800K, used 79630K [0x00000000c0000000, 0x00000000c8980000, 0x00000000eab00000)
  object space 140800K, 56% used [0x00000000c0000000,0x00000000c4dc3910,0x00000000c8980000)
 Metaspace       used 88781K, capacity 91660K, committed 91928K, reserved 1128448K
  class space    used 11665K, capacity 12298K, committed 12336K, reserved 1048576K
Event: 132.049 GC heap after
Heap after GC invocations=55 (full 4):
 PSYoungGen      total 111616K, used 5906K [0x00000000eab00000, 0x00000000f3600000, 0x0000000100000000)
  eden space 93184K, 0% used [0x00000000eab00000,0x00000000eab00000,0x00000000f0600000)
  from space 18432K, 32% used [0x00000000f0600000,0x00000000f0bc4830,0x00000000f1800000)
  to   space 17408K, 0% used [0x00000000f2500000,0x00000000f2500000,0x00000000f3600000)
 ParOldGen       total 140800K, used 86072K [0x00000000c0000000, 0x00000000c8980000, 0x00000000eab00000)
  object space 140800K, 61% used [0x00000000c0000000,0x00000000c540e2a0,0x00000000c8980000)
 Metaspace       used 88781K, capacity 91660K, committed 91928K, reserved 1128448K
  class space    used 11665K, capacity 12298K, committed 12336K, reserved 1048576K
}
Event: 132.270 GC heap before
{Heap before GC invocations=56 (full 4):
 PSYoungGen      total 111616K, used 99090K [0x00000000eab00000, 0x00000000f3600000, 0x0000000100000000)
  eden space 93184K, 100% used [0x00000000eab00000,0x00000000f0600000,0x00000000f0600000)
  from space 18432K, 32% used [0x00000000f0600000,0x00000000f0bc4830,0x00000000f1800000)
  to   space 17408K, 0% used [0x00000000f2500000,0x00000000f2500000,0x00000000f3600000)
 ParOldGen       total 140800K, used 86072K [0x00000000c0000000, 0x00000000c8980000, 0x00000000eab00000)
  object space 140800K, 61% used [0x00000000c0000000,0x00000000c540e2a0,0x00000000c8980000)
 Metaspace       used 89458K, capacity 92548K, committed 92824K, reserved 1130496K
  class space    used 11761K, capacity 12408K, committed 12464K, reserved 1048576K
Event: 132.279 GC heap after
Heap after GC invocations=56 (full 4):
 PSYoungGen      total 125440K, used 4319K [0x00000000eab00000, 0x00000000f3600000, 0x0000000100000000)
  eden space 108032K, 0% used [0x00000000eab00000,0x00000000eab00000,0x00000000f1480000)
  from space 17408K, 24% used [0x00000000f2500000,0x00000000f2937c88,0x00000000f3600000)
  to   space 16896K, 0% used [0x00000000f1480000,0x00000000f1480000,0x00000000f2500000)
 ParOldGen       total 140800K, used 90449K [0x00000000c0000000, 0x00000000c8980000, 0x00000000eab00000)
  object space 140800K, 64% used [0x00000000c0000000,0x00000000c5854790,0x00000000c8980000)
 Metaspace       used 89458K, capacity 92548K, committed 92824K, reserved 1130496K
  class space    used 11761K, capacity 12408K, committed 12464K, reserved 1048576K
}
Event: 132.486 GC heap before
{Heap before GC invocations=57 (full 4):
 PSYoungGen      total 125440K, used 112351K [0x00000000eab00000, 0x00000000f3600000, 0x0000000100000000)
  eden space 108032K, 100% used [0x00000000eab00000,0x00000000f1480000,0x00000000f1480000)
  from space 17408K, 24% used [0x00000000f2500000,0x00000000f2937c88,0x00000000f3600000)
  to   space 16896K, 0% used [0x00000000f1480000,0x00000000f1480000,0x00000000f2500000)
 ParOldGen       total 140800K, used 90449K [0x00000000c0000000, 0x00000000c8980000, 0x00000000eab00000)
  object space 140800K, 64% used [0x00000000c0000000,0x00000000c5854790,0x00000000c8980000)
 Metaspace       used 89685K, capacity 92892K, committed 93080K, reserved 1130496K
  class space    used 11775K, capacity 12444K, committed 12464K, reserved 1048576K
Event: 132.497 GC heap after
Heap after GC invocations=57 (full 4):
 PSYoungGen      total 124928K, used 5540K [0x00000000eab00000, 0x00000000f3600000, 0x0000000100000000)
  eden space 108032K, 0% used [0x00000000eab00000,0x00000000eab00000,0x00000000f1480000)
  from space 16896K, 32% used [0x00000000f1480000,0x00000000f19e93c0,0x00000000f2500000)
  to   space 17408K, 0% used [0x00000000f2500000,0x00000000f2500000,0x00000000f3600000)
 ParOldGen       total 140800K, used 93130K [0x00000000c0000000, 0x00000000c8980000, 0x00000000eab00000)
  object space 140800K, 66% used [0x00000000c0000000,0x00000000c5af2858,0x00000000c8980000)
 Metaspace       used 89685K, capacity 92892K, committed 93080K, reserved 1130496K
  class space    used 11775K, capacity 12444K, committed 12464K, reserved 1048576K
}

Deoptimization events (10 events):
Event: 132.145 Thread 0x0000000019dee000 Uncommon trap: reason=array_check action=maybe_recompile pc=0x0000000004ca11b8 method=java.util.TimSort.binarySort([Ljava/lang/Object;IIILjava/util/Comparator;)V @ 193
Event: 132.146 Thread 0x0000000019dee000 Uncommon trap: reason=array_check action=maybe_recompile pc=0x0000000004ca1284 method=java.util.TimSort.binarySort([Ljava/lang/Object;IIILjava/util/Comparator;)V @ 183
Event: 132.146 Thread 0x0000000019dee000 Uncommon trap: reason=array_check action=maybe_recompile pc=0x0000000004ca11b8 method=java.util.TimSort.binarySort([Ljava/lang/Object;IIILjava/util/Comparator;)V @ 193
Event: 132.213 Thread 0x0000000019de9800 Uncommon trap: reason=unstable_if action=reinterpret pc=0x000000000316508c method=java.util.Arrays.equals([Ljava/lang/Object;[Ljava/lang/Object;)Z @ 47
Event: 132.313 Thread 0x0000000019de8800 Uncommon trap: reason=unstable_if action=reinterpret pc=0x00000000052601cc method=com.android.tools.r8.ir.conversion.JarSourceCode.traceInstruction(ILcom/android/tools/r8/ir/conversion/IRBuilder;)I @ 203
Event: 132.321 Thread 0x0000000019deb800 Uncommon trap: reason=bimorphic action=maybe_recompile pc=0x00000000052f506c method=com.android.tools.r8.ir.regalloc.LinearScanRegisterAllocator.valuesContain(Lcom/android/tools/r8/ir/code/Value;Ljava/util/Collection;)Z @ 1
Event: 132.321 Thread 0x0000000019deb800 Uncommon trap: reason=bimorphic action=maybe_recompile pc=0x00000000052f506c method=com.android.tools.r8.ir.regalloc.LinearScanRegisterAllocator.valuesContain(Lcom/android/tools/r8/ir/code/Value;Ljava/util/Collection;)Z @ 1
Event: 132.403 Thread 0x0000000019deb800 Uncommon trap: reason=unstable_if action=reinterpret pc=0x000000000584a2b4 method=com.android.tools.r8.ir.conversion.JarState$Slot.isReferenceCompatible(Lcom/android/tools/r8/org/objectweb/asm/Type;Lcom/android/tools/r8/org/objectweb/asm/Type;)Z @ 95
Event: 132.403 Thread 0x0000000019deb800 Uncommon trap: reason=unstable_if action=reinterpret pc=0x0000000005850fc4 method=com.android.tools.r8.ir.conversion.JarState$Slot.isReferenceCompatible(Lcom/android/tools/r8/org/objectweb/asm/Type;Lcom/android/tools/r8/org/objectweb/asm/Type;)Z @ 95
Event: 132.584 Thread 0x0000000019dee000 Uncommon trap: reason=unstable_if action=reinterpret pc=0x0000000005ab8acc method=com.android.tools.r8.ir.conversion.JarState.getLocalsAt(I)Lcom/android/tools/r8/ir/conversion/JarState$LocalsAtOffset; @ 1

Classes redefined (0 events):
No events

Internal exceptions (10 events):
Event: 130.376 Thread 0x0000000018be1800 Exception <a 'sun/nio/fs/WindowsException'> (0x00000000eeb15f30) thrown at [C:\re\workspace\8-2-build-windows-amd64-cygwin\jdk8u181\11358\hotspot\src\share\vm\prims\jni.cpp, line 709]
Event: 130.376 Thread 0x0000000018be1800 Exception <a 'sun/nio/fs/WindowsException'> (0x00000000eeb16ae8) thrown at [C:\re\workspace\8-2-build-windows-amd64-cygwin\jdk8u181\11358\hotspot\src\share\vm\prims\jni.cpp, line 709]
Event: 130.376 Thread 0x0000000018be1800 Exception <a 'sun/nio/fs/WindowsException'> (0x00000000eeb18080) thrown at [C:\re\workspace\8-2-build-windows-amd64-cygwin\jdk8u181\11358\hotspot\src\share\vm\prims\jni.cpp, line 709]
Event: 130.385 Thread 0x0000000018be1800 Exception <a 'sun/nio/fs/WindowsException'> (0x00000000eeb48878) thrown at [C:\re\workspace\8-2-build-windows-amd64-cygwin\jdk8u181\11358\hotspot\src\share\vm\prims\jni.cpp, line 709]
Event: 130.385 Thread 0x0000000018be1800 Exception <a 'sun/nio/fs/WindowsException'> (0x00000000eeb49430) thrown at [C:\re\workspace\8-2-build-windows-amd64-cygwin\jdk8u181\11358\hotspot\src\share\vm\prims\jni.cpp, line 709]
Event: 130.385 Thread 0x0000000018be1800 Exception <a 'sun/nio/fs/WindowsException'> (0x00000000eeb4a9c8) thrown at [C:\re\workspace\8-2-build-windows-amd64-cygwin\jdk8u181\11358\hotspot\src\share\vm\prims\jni.cpp, line 709]
Event: 130.389 Thread 0x0000000018be1800 Exception <a 'sun/nio/fs/WindowsException'> (0x00000000eeb7d0a8) thrown at [C:\re\workspace\8-2-build-windows-amd64-cygwin\jdk8u181\11358\hotspot\src\share\vm\prims\jni.cpp, line 709]
Event: 130.389 Thread 0x0000000018be1800 Exception <a 'sun/nio/fs/WindowsException'> (0x00000000eeb7dc60) thrown at [C:\re\workspace\8-2-build-windows-amd64-cygwin\jdk8u181\11358\hotspot\src\share\vm\prims\jni.cpp, line 709]
Event: 130.389 Thread 0x0000000018be1800 Exception <a 'sun/nio/fs/WindowsException'> (0x00000000eeb7f1f8) thrown at [C:\re\workspace\8-2-build-windows-amd64-cygwin\jdk8u181\11358\hotspot\src\share\vm\prims\jni.cpp, line 709]
Event: 132.213 Thread 0x0000000019de9800 Implicit null exception at 0x0000000003164fca to 0x000000000316506a

Events (10 events):
Event: 132.622 loading class com/android/tools/r8/code/ShrInt2Addr
Event: 132.622 loading class com/android/tools/r8/code/ShrInt2Addr done
Event: 132.622 loading class com/android/tools/r8/code/ShrInt
Event: 132.622 loading class com/android/tools/r8/code/ShrInt done
Event: 132.623 loading class com/android/tools/r8/code/ShrLong
Event: 132.623 loading class com/android/tools/r8/code/ShrLong done
Event: 132.623 loading class com/android/tools/r8/code/ShrIntLit8
Event: 132.623 loading class com/android/tools/r8/code/ShrIntLit8 done
Event: 132.624 loading class com/android/tools/r8/code/ShrLong2Addr
Event: 132.624 loading class com/android/tools/r8/code/ShrLong2Addr done


Dynamic libraries:
0x00007ff684610000 - 0x00007ff684647000 	C:\Program Files\Java\jdk1.8.0_181\bin\java.exe
0x00007ffd08b90000 - 0x00007ffd08d71000 	C:\WINDOWS\SYSTEM32\ntdll.dll
0x00007ffd07cf0000 - 0x00007ffd07da1000 	C:\WINDOWS\System32\KERNEL32.DLL
0x00007ffd05380000 - 0x00007ffd055f3000 	C:\WINDOWS\System32\KERNELBASE.dll
0x00007ffd08700000 - 0x00007ffd087a1000 	C:\WINDOWS\System32\ADVAPI32.dll
0x00007ffd07a00000 - 0x00007ffd07a9e000 	C:\WINDOWS\System32\msvcrt.dll
0x00007ffd08410000 - 0x00007ffd0846b000 	C:\WINDOWS\System32\sechost.dll
0x00007ffd08500000 - 0x00007ffd08624000 	C:\WINDOWS\System32\RPCRT4.dll
0x00007ffd06020000 - 0x00007ffd061b0000 	C:\WINDOWS\System32\USER32.dll
0x00007ffd05360000 - 0x00007ffd05380000 	C:\WINDOWS\System32\win32u.dll
0x00007ffd07cb0000 - 0x00007ffd07cd8000 	C:\WINDOWS\System32\GDI32.dll
0x00007ffd05010000 - 0x00007ffd051a1000 	C:\WINDOWS\System32\gdi32full.dll
0x00007ffd057f0000 - 0x00007ffd0588f000 	C:\WINDOWS\System32\msvcp_win.dll
0x00007ffd051b0000 - 0x00007ffd052a8000 	C:\WINDOWS\System32\ucrtbase.dll
0x00007ffcf5340000 - 0x00007ffcf55a9000 	C:\WINDOWS\WinSxS\amd64_microsoft.windows.common-controls_6595b64144ccf1df_6.0.17134.950_none_fb3da4273069d3e0\COMCTL32.dll
0x00007ffd076d0000 - 0x00007ffd079f2000 	C:\WINDOWS\System32\combase.dll
0x00007ffd05fa0000 - 0x00007ffd06019000 	C:\WINDOWS\System32\bcryptPrimitives.dll
0x00007ffd084d0000 - 0x00007ffd084fd000 	C:\WINDOWS\System32\IMM32.DLL
0x0000000073cf0000 - 0x0000000073dc2000 	C:\Program Files\Java\jdk1.8.0_181\jre\bin\msvcr100.dll
0x0000000073dd0000 - 0x0000000074672000 	C:\Program Files\Java\jdk1.8.0_181\jre\bin\server\jvm.dll
0x00007ffd07ce0000 - 0x00007ffd07ce8000 	C:\WINDOWS\System32\PSAPI.DLL
0x00007ffcfabb0000 - 0x00007ffcfabb9000 	C:\WINDOWS\SYSTEM32\WSOCK32.dll
0x00007ffcf88b0000 - 0x00007ffcf88d3000 	C:\WINDOWS\SYSTEM32\WINMM.dll
0x00007ffcf9aa0000 - 0x00007ffcf9aaa000 	C:\WINDOWS\SYSTEM32\VERSION.dll
0x00007ffd08220000 - 0x00007ffd0828c000 	C:\WINDOWS\System32\WS2_32.dll
0x00007ffcf8880000 - 0x00007ffcf88aa000 	C:\WINDOWS\SYSTEM32\WINMMBASE.dll
0x00007ffd052b0000 - 0x00007ffd052f9000 	C:\WINDOWS\System32\cfgmgr32.dll
0x0000000073ca0000 - 0x0000000073caf000 	C:\Program Files\Java\jdk1.8.0_181\jre\bin\verify.dll
0x0000000073c70000 - 0x0000000073c99000 	C:\Program Files\Java\jdk1.8.0_181\jre\bin\java.dll
0x0000000073c50000 - 0x0000000073c66000 	C:\Program Files\Java\jdk1.8.0_181\jre\bin\zip.dll
0x00007ffd06290000 - 0x00007ffd076d0000 	C:\WINDOWS\System32\SHELL32.dll
0x00007ffd087b0000 - 0x00007ffd08859000 	C:\WINDOWS\System32\shcore.dll
0x00007ffd05890000 - 0x00007ffd05f9d000 	C:\WINDOWS\System32\windows.storage.dll
0x00007ffd08470000 - 0x00007ffd084c1000 	C:\WINDOWS\System32\shlwapi.dll
0x00007ffd04ec0000 - 0x00007ffd04ed1000 	C:\WINDOWS\System32\kernel.appcore.dll
0x00007ffd04f40000 - 0x00007ffd04f5f000 	C:\WINDOWS\System32\profapi.dll
0x00007ffd04ee0000 - 0x00007ffd04f2c000 	C:\WINDOWS\System32\powrprof.dll
0x00007ffd04f30000 - 0x00007ffd04f3a000 	C:\WINDOWS\System32\FLTLIB.DLL
0x0000000073c30000 - 0x0000000073c4a000 	C:\Program Files\Java\jdk1.8.0_181\jre\bin\net.dll
0x00007ffd046c0000 - 0x00007ffd04726000 	C:\WINDOWS\system32\mswsock.dll
0x0000000073c10000 - 0x0000000073c21000 	C:\Program Files\Java\jdk1.8.0_181\jre\bin\nio.dll
0x00007ffcfba70000 - 0x00007ffcfba8e000 	C:\Users\Chaweewan Sukwan\.gradle\native\25\windows-amd64\native-platform.dll
0x00000000739c0000 - 0x00000000739cd000 	C:\Program Files\Java\jdk1.8.0_181\jre\bin\management.dll
0x00007ffd04870000 - 0x00007ffd04887000 	C:\WINDOWS\SYSTEM32\CRYPTSP.dll
0x00007ffd04270000 - 0x00007ffd042a3000 	C:\WINDOWS\system32\rsaenh.dll
0x00007ffd04a00000 - 0x00007ffd04a25000 	C:\WINDOWS\SYSTEM32\bcrypt.dll
0x00007ffd04da0000 - 0x00007ffd04dc8000 	C:\WINDOWS\SYSTEM32\USERENV.dll
0x00007ffd04890000 - 0x00007ffd0489b000 	C:\WINDOWS\SYSTEM32\CRYPTBASE.dll
0x00007ffd04410000 - 0x00007ffd04448000 	C:\WINDOWS\SYSTEM32\IPHLPAPI.DLL
0x00007ffd07aa0000 - 0x00007ffd07aa8000 	C:\WINDOWS\System32\NSI.dll
0x00007ffcfd7b0000 - 0x00007ffcfd7c6000 	C:\WINDOWS\SYSTEM32\dhcpcsvc6.DLL
0x00007ffcfd890000 - 0x00007ffcfd8aa000 	C:\WINDOWS\SYSTEM32\dhcpcsvc.DLL
0x0000000073960000 - 0x0000000073984000 	C:\Program Files\Java\jdk1.8.0_181\jre\bin\sunec.dll
0x00007ffd04450000 - 0x00007ffd0450e000 	C:\WINDOWS\SYSTEM32\DNSAPI.dll
0x00007ffcfc8f0000 - 0x00007ffcfc8fa000 	C:\Windows\System32\rasadhlp.dll
0x00007ffcfc230000 - 0x00007ffcfc2a2000 	C:\WINDOWS\System32\fwpuclnt.dll
0x0000000073950000 - 0x000000007395b000 	C:\Program Files\Java\jdk1.8.0_181\jre\bin\sunmscapi.dll
0x00007ffd05600000 - 0x00007ffd057e2000 	C:\WINDOWS\System32\CRYPT32.dll
0x00007ffd04ea0000 - 0x00007ffd04eb2000 	C:\WINDOWS\System32\MSASN1.dll
0x00007ffd032f0000 - 0x00007ffd0337b000 	C:\WINDOWS\system32\apphelp.dll
0x00007ffd03f60000 - 0x00007ffd03f91000 	C:\WINDOWS\SYSTEM32\ntmarta.dll

VM Arguments:
jvm_args: -XX:+HeapDumpOnOutOfMemoryError -Xmx1024m -Dfile.encoding=windows-1252 -Duser.country=US -Duser.language=en -Duser.variant 
java_command: org.gradle.launcher.daemon.bootstrap.GradleDaemon 4.10.3
java_class_path (initial): C:\Users\Chaweewan Sukwan\.gradle\wrapper\dists\gradle-4.10.3-all\81msde2dx9p4vji0mjgtvxkcb\gradle-4.10.3\lib\gradle-launcher-4.10.3.jar
Launcher Type: SUN_STANDARD

Environment Variables:
JAVA_HOME=C:\Program Files\Java\jdk1.8.0_181
CLASSPATH=D:\Study\4th 1st Term\project\hanuman\platforms\android\\gradle\wrapper\gradle-wrapper.jar
PATH=C:\Program Files (x86)\Common Files\Oracle\Java\javapath;C:\Program Files (x86)\Intel\Intel(R) Management Engine Components\iCLS\;C:\Program Files\Intel\Intel(R) Management Engine Components\iCLS\;C:\Windows\system32;C:\Windows;C:\Windows\System32\Wbem;C:\Windows\System32\WindowsPowerShell\v1.0\;C:\Program Files (x86)\Intel\Intel(R) Management Engine Components\DAL;C:\Program Files\Intel\Intel(R) Management Engine Components\DAL;C:\Program Files (x86)\Intel\Intel(R) Management Engine Components\IPT;C:\Program Files\Intel\Intel(R) Management Engine Components\IPT;C:\Program Files (x86)\NVIDIA Corporation\PhysX\Common;C:\Program Files\dotnet\;C:\Program Files\Microsoft SQL Server\130\Tools\Binn\;C:\Program Files\Git\cmd;C:\Program Files\nodejs\;C:\WINDOWS\system32;C:\WINDOWS;C:\WINDOWS\System32\Wbem;C:\WINDOWS\System32\WindowsPowerShell\v1.0\;C:\WINDOWS\System32\OpenSSH\;C:\Program Files\Intel\WiFi\bin\;C:\Program Files\Common Files\Intel\WirelessCommon\;C:\Program Files\Microsoft VS Code\bin;C:\Users\Chaweewan Sukwan\AppData\Local\Android\Sdk\tools;C:\Program Files\Java\jdk1.8.0_181\bin;C:\Program Files\Java\jre1.8.0_181\bin;C:\Users\Chaweewan Sukwan\AppData\Local\Microsoft\WindowsApps;C:\Program Files\Microsoft VS Code\bin;C:\Users\Chaweewan Sukwan\AppData\Roaming\npm;C:\Program Files\heroku\bin;C:\Users\Chaweewan Sukwan\node_modules\gradle\lib;C:\Users\Chaweewan Sukwan\AppData\Local\rodeo\app-2.5.2\bin;C:\Users\Chaweewan Sukwan\AppData\Local\Android\Sdk\platform-tools;C:\Users\Chaweewan Sukwan\AppData\Local\Android\Sdk\tools\bin
USERNAME=Chaweewan Sukwan
OS=Windows_NT
PROCESSOR_IDENTIFIER=Intel64 Family 6 Model 158 Stepping 10, GenuineIntel



---------------  S Y S T E M  ---------------

OS: Windows 10.0 , 64 bit Build 17134 (10.0.17134.753)

CPU:total 8 (initial active 8) (4 cores per cpu, 2 threads per core) family 6 model 158 stepping 10, cmov, cx8, fxsr, mmx, sse, sse2, sse3, ssse3, sse4.1, sse4.2, popcnt, avx, avx2, aes, clmul, erms, 3dnowpref, lzcnt, ht, tsc, tscinvbit, bmi1, bmi2, adx

Memory: 4k page, physical 8227124k(401268k free), swap 16615732k(4992k free)

vm_info: Java HotSpot(TM) 64-Bit Server VM (25.181-b13) for windows-amd64 JRE (1.8.0_181-b13), built on Jul  7 2018 04:01:33 by "java_re" with MS VC++ 10.0 (VS2010)

time: Fri Aug 16 04:22:49 2019
elapsed time: 132 seconds (0d 0h 2m 12s)

